<?xml version="1.0" encoding="UTF-8"?>
<!-- Generated by org.testng.reporters.JUnitReportReporter -->
<testsuite skipped="0" hostname="Maksimilian" name="webDriverTests.AddToCartTest" tests="1" failures="0" timestamp="2022-09-09T18:46:30 EEST" time="21.192" errors="0">
  <testcase name="checkThanTheProductIsInCart" time="21.192" classname="webDriverTests.AddToCartTest"/>
  <system-out/>
</testsuite> <!-- webDriverTests.AddToCartTest -->
