<?xml version="1.0" encoding="UTF-8"?>
<!-- Generated by org.testng.reporters.JUnitReportReporter -->
<testsuite skipped="0" hostname="Maksimilian" name="WebDriverHW2Test" tests="6" failures="0" timestamp="2022-09-08T02:20:31 EEST" time="84.625" errors="0">
  <testcase name="checkingSearchResults" time="13.289" classname="WebDriverHW2Test"/>
  <system-out/>
  <testcase name="checkingFilterResults" time="15.149" classname="WebDriverHW2Test"/>
  <system-out/>
  <testcase name="checkOfCountOfProductsOnThePage" time="11.778" classname="WebDriverHW2Test"/>
  <system-out/>
  <testcase name="checkThanYouCanBuyProduct" time="12.461" classname="WebDriverHW2Test"/>
  <system-out/>
  <testcase name="checkThanTheProductIsInCart" time="16.397" classname="WebDriverHW2Test"/>
  <system-out/>
  <testcase name="checkCorrectSorting" time="15.551" classname="WebDriverHW2Test"/>
  <system-out/>
</testsuite> <!-- WebDriverHW2Test -->
